<?xml version="1.0" encoding="UTF-8"?>
<!-- Generated by org.testng.reporters.JUnitReportReporter -->
<testsuite skipped="0" hostname="macmini440" name="tests.InitializeLogging" tests="1" failures="0" timestamp="21 Sep 2018 13:42:01 GMT" time="0.068" errors="0">
  <testcase name="loggingConfig" time="0.068" classname="tests.InitializeLogging"/>
</testsuite> <!-- tests.InitializeLogging -->
