<?xml version="1.0" encoding="UTF-8"?>
<!-- Generated by org.testng.reporters.JUnitReportReporter -->
<testsuite skipped="0" hostname="macbook600" name="tests.PositiveLoginTestTestRunnerYB" tests="2" failures="0" timestamp="27 Sep 2018 13:27:16 GMT" time="171.642" errors="0">
  <testcase name="checkLogin" time="93.821" classname="tests.PositiveLoginTestTestRunnerYB"/>
  <testcase name="checkLogin" time="77.821" classname="tests.PositiveLoginTestTestRunnerYB"/>
</testsuite> <!-- tests.PositiveLoginTestTestRunnerYB -->
