<?xml version="1.0" encoding="UTF-8"?>
<!-- Generated by org.testng.reporters.JUnitReportReporter -->
<testsuite skipped="0" hostname="macbook600" name="tests.NegativeLoginTestTestRunner" tests="2" failures="0" timestamp="26 Sep 2018 12:47:59 GMT" time="57.716" errors="0">
  <testcase name="checkInvLogin" time="26.597" classname="tests.NegativeLoginTestTestRunner"/>
  <testcase name="checkInvLogin" time="31.119" classname="tests.NegativeLoginTestTestRunner"/>
</testsuite> <!-- tests.NegativeLoginTestTestRunner -->
