<?xml version="1.0" encoding="UTF-8"?>
<!-- Generated by org.testng.reporters.JUnitReportReporter -->
<testsuite skipped="0" hostname="macbook600" name="tests.InitializeLogging" tests="1" failures="0" timestamp="27 Sep 2018 13:27:16 GMT" time="0.134" errors="0">
  <testcase name="loggingConfig" time="0.134" classname="tests.InitializeLogging"/>
</testsuite> <!-- tests.InitializeLogging -->
