<?xml version="1.0" encoding="UTF-8"?>
<!-- Generated by org.testng.reporters.JUnitReportReporter -->
<testsuite skipped="0" hostname="macmini440" name="tests.NegativeLoginTestTestRunner" tests="1" failures="0" timestamp="21 Sep 2018 13:42:01 GMT" time="83.273" errors="0">
  <testcase name="checkInvLogin" time="83.273" classname="tests.NegativeLoginTestTestRunner"/>
</testsuite> <!-- tests.NegativeLoginTestTestRunner -->
